<?xml version="1.0" encoding="UTF-8"?>
<!-- Generated by org.testng.reporters.JUnitXMLReporter -->
<testsuite ignored="1" hostname="NOETICPC13" failures="1" tests="38" name="ManageExportInvoicePageValidationAssertionsTest" time="129.758" errors="0" timestamp="2025-06-16T10:28:07 IST">
  <testcase classname="com.erp.automation.tests.sales.ManageExportInvoicePageValidationTest" name="@BeforeMethod loginToApplication" time="30.268">
    <failure type="org.openqa.selenium.ElementNotInteractableException" message="element not interactable
  (Session info: chrome=137.0.7151.104)
Build info: version: &amp;apos;4.33.0&amp;apos;, revision: &amp;apos;2c6aaad03a&amp;apos;
System info: os.name: &amp;apos;Windows 10&amp;apos;, os.arch: &amp;apos;amd64&amp;apos;, os.version: &amp;apos;10.0&amp;apos;, java.version: &amp;apos;23.0.2&amp;apos;
Driver info: org.openqa.selenium.chrome.ChromeDriver
Command: [c6ea62f65900551b80fa6ef454223634, clickElement {id=f.17ACCF287651AAFEB06584158E594DB7.d.90C61546AE296C06646EE1206F60F1BE.e.81206}]
Capabilities {acceptInsecureCerts: false, browserName: chrome, browserVersion: 137.0.7151.104, chrome: {chromedriverVersion: 137.0.7151.68 (2989ffee9373..., userDataDir: C:\Users\ADMINI~1.DES\AppDa...}, fedcm:accounts: true, goog:chromeOptions: {debuggerAddress: localhost:63864}, networkConnectionEnabled: false, pageLoadStrategy: normal, platformName: windows, proxy: Proxy(), se:cdp: ws://localhost:63864/devtoo..., se:cdpVersion: 137.0.7151.104, setWindowRect: true, strictFileInteractability: false, timeouts: {implicit: 0, pageLoad: 300000, script: 30000}, unhandledPromptBehavior: dismiss and notify, webauthn:extension:credBlob: true, webauthn:extension:largeBlob: true, webauthn:extension:minPinLength: true, webauthn:extension:prf: true, webauthn:virtualAuthenticators: true}
Element: [[ChromeDriver: chrome on windows (c6ea62f65900551b80fa6ef454223634)] -&amp;gt; xpath: /html[1]/body[1]/div[2]/div[2]/div[11]/ul[1]/li[10]/a[1]]
Session ID: c6ea62f65900551b80fa6ef454223634">
      <![CDATA[org.openqa.selenium.ElementNotInteractableException: element not interactable
  (Session info: chrome=137.0.7151.104)
Build info: version: '4.33.0', revision: '2c6aaad03a'
System info: os.name: 'Windows 10', os.arch: 'amd64', os.version: '10.0', java.version: '23.0.2'
Driver info: org.openqa.selenium.chrome.ChromeDriver
Command: [c6ea62f65900551b80fa6ef454223634, clickElement {id=f.17ACCF287651AAFEB06584158E594DB7.d.90C61546AE296C06646EE1206F60F1BE.e.81206}]
Capabilities {acceptInsecureCerts: false, browserName: chrome, browserVersion: 137.0.7151.104, chrome: {chromedriverVersion: 137.0.7151.68 (2989ffee9373..., userDataDir: C:\Users\ADMINI~1.DES\AppDa...}, fedcm:accounts: true, goog:chromeOptions: {debuggerAddress: localhost:63864}, networkConnectionEnabled: false, pageLoadStrategy: normal, platformName: windows, proxy: Proxy(), se:cdp: ws://localhost:63864/devtoo..., se:cdpVersion: 137.0.7151.104, setWindowRect: true, strictFileInteractability: false, timeouts: {implicit: 0, pageLoad: 300000, script: 30000}, unhandledPromptBehavior: dismiss and notify, webauthn:extension:credBlob: true, webauthn:extension:largeBlob: true, webauthn:extension:minPinLength: true, webauthn:extension:prf: true, webauthn:virtualAuthenticators: true}
Element: [[ChromeDriver: chrome on windows (c6ea62f65900551b80fa6ef454223634)] -> xpath: /html[1]/body[1]/div[2]/div[2]/div[11]/ul[1]/li[10]/a[1]]
Session ID: c6ea62f65900551b80fa6ef454223634
at org.openqa.selenium.remote.ErrorCodec.decode(ErrorCodec.java:167)
at org.openqa.selenium.remote.codec.w3c.W3CHttpResponseCodec.decode(W3CHttpResponseCodec.java:138)
at org.openqa.selenium.remote.codec.w3c.W3CHttpResponseCodec.decode(W3CHttpResponseCodec.java:50)
at org.openqa.selenium.remote.HttpCommandExecutor.execute(HttpCommandExecutor.java:215)
at org.openqa.selenium.remote.service.DriverCommandExecutor.invokeExecute(DriverCommandExecutor.java:216)
at org.openqa.selenium.remote.service.DriverCommandExecutor.execute(DriverCommandExecutor.java:174)
at org.openqa.selenium.remote.RemoteWebDriver.execute(RemoteWebDriver.java:544)
at org.openqa.selenium.remote.RemoteWebElement.execute(RemoteWebElement.java:223)
at org.openqa.selenium.remote.RemoteWebElement.click(RemoteWebElement.java:76)
at org.openqa.selenium.support.pagefactory.internal.LocatingElementHandler.invoke(LocatingElementHandler.java:51)
at jdk.proxy2/jdk.proxy2.$Proxy16.click(Unknown Source)
at com.erp.automation.pages.sales.AllSalesSubModules.clickOnInvoiceMenu(AllSalesSubModules.java:53)
at com.erp.automation.tests.sales.ManageExportInvoicePageValidationTest.loginToApplication(ManageExportInvoicePageValidationTest.java:83)
at java.base/java.util.ArrayList.forEach(ArrayList.java:1597)
... Removed 34 stack frames]]>
    </failure>
  </testcase> <!-- @BeforeMethod loginToApplication -->
  <testcase classname="com.erp.automation.tests.sales.ManageExportInvoicePageValidationTest" name="@AfterMethod afterMethod" time="0.0">
    <skipped/>
  </testcase> <!-- @AfterMethod afterMethod -->
  <testcase classname="com.erp.automation.tests.sales.ManageExportInvoicePageValidationTest" name="@BeforeMethod loginToApplication" time="0.0">
    <skipped/>
  </testcase> <!-- @BeforeMethod loginToApplication -->
  <testcase classname="com.erp.automation.tests.sales.ManageExportInvoicePageValidationTest" name="@AfterMethod afterMethod" time="0.0">
    <skipped/>
  </testcase> <!-- @AfterMethod afterMethod -->
  <testcase classname="com.erp.automation.tests.sales.ManageExportInvoicePageValidationTest" name="@BeforeMethod loginToApplication" time="0.0">
    <skipped/>
  </testcase> <!-- @BeforeMethod loginToApplication -->
  <testcase classname="com.erp.automation.tests.sales.ManageExportInvoicePageValidationTest" name="@AfterMethod afterMethod" time="0.0">
    <skipped/>
  </testcase> <!-- @AfterMethod afterMethod -->
  <testcase classname="com.erp.automation.tests.sales.ManageExportInvoicePageValidationTest" name="@BeforeMethod loginToApplication" time="0.0">
    <skipped/>
  </testcase> <!-- @BeforeMethod loginToApplication -->
  <testcase classname="com.erp.automation.tests.sales.ManageExportInvoicePageValidationTest" name="@AfterMethod afterMethod" time="0.0">
    <skipped/>
  </testcase> <!-- @AfterMethod afterMethod -->
  <testcase classname="com.erp.automation.tests.sales.ManageExportInvoicePageValidationTest" name="@BeforeMethod loginToApplication" time="0.0">
    <skipped/>
  </testcase> <!-- @BeforeMethod loginToApplication -->
  <testcase classname="com.erp.automation.tests.sales.ManageExportInvoicePageValidationTest" name="@AfterMethod afterMethod" time="0.0">
    <skipped/>
  </testcase> <!-- @AfterMethod afterMethod -->
  <testcase classname="com.erp.automation.tests.sales.ManageExportInvoicePageValidationTest" name="@BeforeMethod loginToApplication" time="0.0">
    <skipped/>
  </testcase> <!-- @BeforeMethod loginToApplication -->
  <testcase classname="com.erp.automation.tests.sales.ManageExportInvoicePageValidationTest" name="@AfterMethod afterMethod" time="0.0">
    <skipped/>
  </testcase> <!-- @AfterMethod afterMethod -->
  <testcase classname="com.erp.automation.tests.sales.ManageExportInvoicePageValidationTest" name="@BeforeMethod loginToApplication" time="0.0">
    <skipped/>
  </testcase> <!-- @BeforeMethod loginToApplication -->
  <testcase classname="com.erp.automation.tests.sales.ManageExportInvoicePageValidationTest" name="@AfterMethod afterMethod" time="0.0">
    <skipped/>
  </testcase> <!-- @AfterMethod afterMethod -->
  <testcase classname="com.erp.automation.tests.sales.ManageExportInvoicePageValidationTest" name="@BeforeMethod loginToApplication" time="0.0">
    <skipped/>
  </testcase> <!-- @BeforeMethod loginToApplication -->
  <testcase classname="com.erp.automation.tests.sales.ManageExportInvoicePageValidationTest" name="@AfterMethod afterMethod" time="0.0">
    <skipped/>
  </testcase> <!-- @AfterMethod afterMethod -->
  <testcase classname="com.erp.automation.tests.sales.ManageExportInvoicePageValidationTest" name="@BeforeMethod loginToApplication" time="0.0">
    <skipped/>
  </testcase> <!-- @BeforeMethod loginToApplication -->
  <testcase classname="com.erp.automation.tests.sales.ManageExportInvoicePageValidationTest" name="@AfterMethod afterMethod" time="0.0">
    <skipped/>
  </testcase> <!-- @AfterMethod afterMethod -->
  <testcase classname="com.erp.automation.tests.sales.ManageExportInvoicePageValidationTest" name="@BeforeMethod loginToApplication" time="0.0">
    <skipped/>
  </testcase> <!-- @BeforeMethod loginToApplication -->
  <testcase classname="com.erp.automation.tests.sales.ManageExportInvoicePageValidationTest" name="@AfterMethod afterMethod" time="0.0">
    <skipped/>
  </testcase> <!-- @AfterMethod afterMethod -->
  <testcase classname="com.erp.automation.tests.sales.ManageExportInvoicePageValidationTest" name="@BeforeMethod loginToApplication" time="0.0">
    <skipped/>
  </testcase> <!-- @BeforeMethod loginToApplication -->
  <testcase classname="com.erp.automation.tests.sales.ManageExportInvoicePageValidationTest" name="@AfterMethod afterMethod" time="0.0">
    <skipped/>
  </testcase> <!-- @AfterMethod afterMethod -->
  <testcase classname="com.erp.automation.tests.sales.ManageExportInvoicePageValidationTest" name="@BeforeMethod loginToApplication" time="0.0">
    <skipped/>
  </testcase> <!-- @BeforeMethod loginToApplication -->
  <testcase classname="com.erp.automation.tests.sales.ManageExportInvoicePageValidationTest" name="@AfterMethod afterMethod" time="0.0">
    <skipped/>
  </testcase> <!-- @AfterMethod afterMethod -->
  <testcase classname="com.erp.automation.tests.sales.ManageExportInvoicePageValidationTest" name="@BeforeMethod loginToApplication" time="0.0">
    <skipped/>
  </testcase> <!-- @BeforeMethod loginToApplication -->
  <testcase classname="com.erp.automation.tests.sales.ManageExportInvoicePageValidationTest" name="@AfterMethod afterMethod" time="0.0">
    <skipped/>
  </testcase> <!-- @AfterMethod afterMethod -->
  <testcase classname="com.erp.automation.tests.sales.ManageExportInvoicePageValidationTest" name="@BeforeMethod loginToApplication" time="0.0">
    <skipped/>
  </testcase> <!-- @BeforeMethod loginToApplication -->
  <testcase classname="com.erp.automation.tests.sales.ManageExportInvoicePageValidationTest" name="@AfterMethod afterMethod" time="0.0">
    <skipped/>
  </testcase> <!-- @AfterMethod afterMethod -->
  <testcase classname="com.erp.automation.tests.sales.ManageExportInvoicePageValidationTest" name="@BeforeMethod loginToApplication" time="0.0">
    <skipped/>
  </testcase> <!-- @BeforeMethod loginToApplication -->
  <testcase classname="com.erp.automation.tests.sales.ManageExportInvoicePageValidationTest" name="@AfterMethod afterMethod" time="0.0">
    <skipped/>
  </testcase> <!-- @AfterMethod afterMethod -->
  <testcase classname="com.erp.automation.tests.sales.ManageExportInvoicePageValidationTest" name="@BeforeMethod loginToApplication" time="0.0">
    <skipped/>
  </testcase> <!-- @BeforeMethod loginToApplication -->
  <testcase classname="com.erp.automation.tests.sales.ManageExportInvoicePageValidationTest" name="@AfterMethod afterMethod" time="0.0">
    <skipped/>
  </testcase> <!-- @AfterMethod afterMethod -->
  <testcase classname="com.erp.automation.tests.sales.ManageExportInvoicePageValidationTest" name="@BeforeMethod loginToApplication" time="0.0">
    <skipped/>
  </testcase> <!-- @BeforeMethod loginToApplication -->
  <testcase classname="com.erp.automation.tests.sales.ManageExportInvoicePageValidationTest" name="@AfterMethod afterMethod" time="0.0">
    <skipped/>
  </testcase> <!-- @AfterMethod afterMethod -->
  <testcase classname="com.erp.automation.tests.sales.ManageExportInvoicePageValidationTest" name="@BeforeMethod loginToApplication" time="0.0">
    <skipped/>
  </testcase> <!-- @BeforeMethod loginToApplication -->
  <testcase classname="com.erp.automation.tests.sales.ManageExportInvoicePageValidationTest" name="@AfterMethod afterMethod" time="0.0">
    <skipped/>
  </testcase> <!-- @AfterMethod afterMethod -->
  <testcase classname="com.erp.automation.tests.sales.ManageExportInvoicePageValidationTest" name="@BeforeMethod loginToApplication" time="0.0">
    <skipped/>
  </testcase> <!-- @BeforeMethod loginToApplication -->
  <testcase classname="com.erp.automation.tests.sales.ManageExportInvoicePageValidationTest" name="@AfterMethod afterMethod" time="0.0">
    <skipped/>
  </testcase> <!-- @AfterMethod afterMethod -->
  <testcase classname="com.erp.automation.tests.sales.ManageExportInvoicePageValidationTest" name="@BeforeMethod loginToApplication" time="0.0">
    <skipped/>
  </testcase> <!-- @BeforeMethod loginToApplication -->
  <testcase classname="com.erp.automation.tests.sales.ManageExportInvoicePageValidationTest" name="@AfterMethod afterMethod" time="0.0">
    <skipped/>
  </testcase> <!-- @AfterMethod afterMethod -->
  <testcase classname="com.erp.automation.tests.sales.ManageExportInvoicePageValidationTest" name="@BeforeMethod loginToApplication" time="0.0">
    <skipped/>
  </testcase> <!-- @BeforeMethod loginToApplication -->
  <testcase classname="com.erp.automation.tests.sales.ManageExportInvoicePageValidationTest" name="@AfterMethod afterMethod" time="0.0">
    <skipped/>
  </testcase> <!-- @AfterMethod afterMethod -->
  <testcase classname="com.erp.automation.tests.sales.ManageExportInvoicePageValidationTest" name="@BeforeMethod loginToApplication" time="0.0">
    <skipped/>
  </testcase> <!-- @BeforeMethod loginToApplication -->
  <testcase classname="com.erp.automation.tests.sales.ManageExportInvoicePageValidationTest" name="@AfterMethod afterMethod" time="0.0">
    <skipped/>
  </testcase> <!-- @AfterMethod afterMethod -->
  <testcase classname="com.erp.automation.tests.sales.ManageExportInvoicePageValidationTest" name="@BeforeMethod loginToApplication" time="0.0">
    <skipped/>
  </testcase> <!-- @BeforeMethod loginToApplication -->
  <testcase classname="com.erp.automation.tests.sales.ManageExportInvoicePageValidationTest" name="@AfterMethod afterMethod" time="0.0">
    <skipped/>
  </testcase> <!-- @AfterMethod afterMethod -->
  <testcase classname="com.erp.automation.tests.sales.ManageExportInvoicePageValidationTest" name="@BeforeMethod loginToApplication" time="0.0">
    <skipped/>
  </testcase> <!-- @BeforeMethod loginToApplication -->
  <testcase classname="com.erp.automation.tests.sales.ManageExportInvoicePageValidationTest" name="@AfterMethod afterMethod" time="0.0">
    <skipped/>
  </testcase> <!-- @AfterMethod afterMethod -->
  <testcase classname="com.erp.automation.tests.sales.ManageExportInvoicePageValidationTest" name="@BeforeMethod loginToApplication" time="0.0">
    <skipped/>
  </testcase> <!-- @BeforeMethod loginToApplication -->
  <testcase classname="com.erp.automation.tests.sales.ManageExportInvoicePageValidationTest" name="@AfterMethod afterMethod" time="0.0">
    <skipped/>
  </testcase> <!-- @AfterMethod afterMethod -->
  <testcase classname="com.erp.automation.tests.sales.ManageExportInvoicePageValidationTest" name="@BeforeMethod loginToApplication" time="0.0">
    <skipped/>
  </testcase> <!-- @BeforeMethod loginToApplication -->
  <testcase classname="com.erp.automation.tests.sales.ManageExportInvoicePageValidationTest" name="@AfterMethod afterMethod" time="0.0">
    <skipped/>
  </testcase> <!-- @AfterMethod afterMethod -->
  <testcase classname="com.erp.automation.tests.sales.ManageExportInvoicePageValidationTest" name="@BeforeMethod loginToApplication" time="0.0">
    <skipped/>
  </testcase> <!-- @BeforeMethod loginToApplication -->
  <testcase classname="com.erp.automation.tests.sales.ManageExportInvoicePageValidationTest" name="@AfterMethod afterMethod" time="0.0">
    <skipped/>
  </testcase> <!-- @AfterMethod afterMethod -->
  <testcase classname="com.erp.automation.tests.sales.ManageExportInvoicePageValidationTest" name="@BeforeMethod loginToApplication" time="0.0">
    <skipped/>
  </testcase> <!-- @BeforeMethod loginToApplication -->
  <testcase classname="com.erp.automation.tests.sales.ManageExportInvoicePageValidationTest" name="@AfterMethod afterMethod" time="0.0">
    <skipped/>
  </testcase> <!-- @AfterMethod afterMethod -->
  <testcase classname="com.erp.automation.tests.sales.ManageExportInvoicePageValidationTest" name="@BeforeMethod loginToApplication" time="0.0">
    <skipped/>
  </testcase> <!-- @BeforeMethod loginToApplication -->
  <testcase classname="com.erp.automation.tests.sales.ManageExportInvoicePageValidationTest" name="@AfterMethod afterMethod" time="0.0">
    <skipped/>
  </testcase> <!-- @AfterMethod afterMethod -->
  <testcase classname="com.erp.automation.tests.sales.ManageExportInvoicePageValidationTest" name="@BeforeMethod loginToApplication" time="0.0">
    <skipped/>
  </testcase> <!-- @BeforeMethod loginToApplication -->
  <testcase classname="com.erp.automation.tests.sales.ManageExportInvoicePageValidationTest" name="@AfterMethod afterMethod" time="0.0">
    <skipped/>
  </testcase> <!-- @AfterMethod afterMethod -->
  <testcase classname="com.erp.automation.tests.sales.ManageExportInvoicePageValidationTest" name="@BeforeMethod loginToApplication" time="0.0">
    <skipped/>
  </testcase> <!-- @BeforeMethod loginToApplication -->
  <testcase classname="com.erp.automation.tests.sales.ManageExportInvoicePageValidationTest" name="@AfterMethod afterMethod" time="0.0">
    <skipped/>
  </testcase> <!-- @AfterMethod afterMethod -->
  <testcase classname="com.erp.automation.tests.sales.ManageExportInvoicePageValidationTest" name="@BeforeMethod loginToApplication" time="0.0">
    <skipped/>
  </testcase> <!-- @BeforeMethod loginToApplication -->
  <testcase classname="com.erp.automation.tests.sales.ManageExportInvoicePageValidationTest" name="@AfterMethod afterMethod" time="0.0">
    <skipped/>
  </testcase> <!-- @AfterMethod afterMethod -->
  <testcase classname="com.erp.automation.tests.sales.ManageExportInvoicePageValidationTest" name="@BeforeMethod loginToApplication" time="0.0">
    <skipped/>
  </testcase> <!-- @BeforeMethod loginToApplication -->
  <testcase classname="com.erp.automation.tests.sales.ManageExportInvoicePageValidationTest" name="@AfterMethod afterMethod" time="0.0">
    <skipped/>
  </testcase> <!-- @AfterMethod afterMethod -->
  <testcase classname="com.erp.automation.tests.sales.ManageExportInvoicePageValidationTest" name="@BeforeMethod loginToApplication" time="0.0">
    <skipped/>
  </testcase> <!-- @BeforeMethod loginToApplication -->
  <testcase classname="com.erp.automation.tests.sales.ManageExportInvoicePageValidationTest" name="@AfterMethod afterMethod" time="0.0">
    <skipped/>
  </testcase> <!-- @AfterMethod afterMethod -->
  <testcase classname="com.erp.automation.tests.sales.ManageExportInvoicePageValidationTest" name="@BeforeMethod loginToApplication" time="0.0">
    <skipped/>
  </testcase> <!-- @BeforeMethod loginToApplication -->
  <testcase classname="com.erp.automation.tests.sales.ManageExportInvoicePageValidationTest" name="@AfterMethod afterMethod" time="0.0">
    <skipped/>
  </testcase> <!-- @AfterMethod afterMethod -->
  <testcase classname="com.erp.automation.tests.sales.ManageExportInvoicePageValidationTest" name="@AfterClass afterClass" time="0.0">
    <skipped/>
  </testcase> <!-- @AfterClass afterClass -->
  <testcase classname="com.erp.automation.tests.sales.ManageExportInvoicePageValidationTest" name="TC002_testFinancialYearValidation_AlwaysShowsCurrentFY" time="0.122"/>
  <testcase classname="com.erp.automation.tests.sales.ManageExportInvoicePageValidationTest" name="TC003_testInvoiceDateIsCurrentDate" time="0.068"/>
  <testcase classname="com.erp.automation.tests.sales.ManageExportInvoicePageValidationTest" name="TC004_visibilityOfCustomerPONoAfterSelectingSONo" time="8.249">
    <failure type="java.lang.AssertionError" message="**** test case = TC004_visibilityOfCustomerPONoAfterSelectingSONo =&amp;gt; fail  **** expected [CO/PO/SO/23577x] but found [CO/PO/SO/23577]">
      <![CDATA[java.lang.AssertionError: **** test case = TC004_visibilityOfCustomerPONoAfterSelectingSONo => fail  **** expected [CO/PO/SO/23577x] but found [CO/PO/SO/23577]
at com.erp.automation.tests.sales.ManageExportInvoicePageValidationTest.TC004_visibilityOfCustomerPONoAfterSelectingSONo(ManageExportInvoicePageValidationTest.java:173)
at java.base/java.util.ArrayList.forEach(ArrayList.java:1597)
... Removed 30 stack frames]]>
    </failure>
  </testcase> <!-- TC004_visibilityOfCustomerPONoAfterSelectingSONo -->
  <testcase classname="com.erp.automation.tests.sales.ManageExportInvoicePageValidationTest" name="TC005_visibilityofShippingCustomerAfterSelectingSONo" time="0.001">
    <skipped/>
  </testcase> <!-- TC005_visibilityofShippingCustomerAfterSelectingSONo -->
  <testcase classname="com.erp.automation.tests.sales.ManageExportInvoicePageValidationTest" name="TC006_visibilityofShippingAddressAfterSelectingSONo" time="0.0">
    <skipped/>
  </testcase> <!-- TC006_visibilityofShippingAddressAfterSelectingSONo -->
  <testcase classname="com.erp.automation.tests.sales.ManageExportInvoicePageValidationTest" name="TC007_visibilityofShippingStateCodeAfterSelectingSONo" time="0.0">
    <skipped/>
  </testcase> <!-- TC007_visibilityofShippingStateCodeAfterSelectingSONo -->
  <testcase classname="com.erp.automation.tests.sales.ManageExportInvoicePageValidationTest" name="TC008_visibilityofFreightAfterSelectingSONo" time="0.0">
    <skipped/>
  </testcase> <!-- TC008_visibilityofFreightAfterSelectingSONo -->
  <testcase classname="com.erp.automation.tests.sales.ManageExportInvoicePageValidationTest" name="TC009_TransporterErrorMessageValidation" time="0.004">
    <skipped/>
  </testcase> <!-- TC009_TransporterErrorMessageValidation -->
  <testcase classname="com.erp.automation.tests.sales.ManageExportInvoicePageValidationTest" name="TC010_OtherReferenceErrorMessageValidation" time="0.0">
    <skipped/>
  </testcase> <!-- TC010_OtherReferenceErrorMessageValidation -->
  <testcase classname="com.erp.automation.tests.sales.ManageExportInvoicePageValidationTest" name="TC011_shippingCustomerErrorMessageValidation" time="0.0">
    <skipped/>
  </testcase> <!-- TC011_shippingCustomerErrorMessageValidation -->
  <testcase classname="com.erp.automation.tests.sales.ManageExportInvoicePageValidationTest" name="TC012_PreCarriageByErrorMessageValidation" time="0.0">
    <skipped/>
  </testcase> <!-- TC012_PreCarriageByErrorMessageValidation -->
  <testcase classname="com.erp.automation.tests.sales.ManageExportInvoicePageValidationTest" name="TC013_PlaceOfReceiptOfPreCarrierErrorMessageValidation" time="0.0">
    <skipped/>
  </testcase> <!-- TC013_PlaceOfReceiptOfPreCarrierErrorMessageValidation -->
  <testcase classname="com.erp.automation.tests.sales.ManageExportInvoicePageValidationTest" name="TC014_VesselVoyageFieldErrorMessageValidation" time="0.0">
    <skipped/>
  </testcase> <!-- TC014_VesselVoyageFieldErrorMessageValidation -->
  <testcase classname="com.erp.automation.tests.sales.ManageExportInvoicePageValidationTest" name="TC015_PortofLoadingFieldErrorMessageValidation" time="0.0">
    <skipped/>
  </testcase> <!-- TC015_PortofLoadingFieldErrorMessageValidation -->
  <testcase classname="com.erp.automation.tests.sales.ManageExportInvoicePageValidationTest" name="TC016_PortofDischargeFieldErrorMessageValidation" time="0.001">
    <skipped/>
  </testcase> <!-- TC016_PortofDischargeFieldErrorMessageValidation -->
  <testcase classname="com.erp.automation.tests.sales.ManageExportInvoicePageValidationTest" name="TC017_PlaceOfDeliveryFieldErrorMessageValidation" time="0.0">
    <skipped/>
  </testcase> <!-- TC017_PlaceOfDeliveryFieldErrorMessageValidation -->
  <testcase classname="com.erp.automation.tests.sales.ManageExportInvoicePageValidationTest" name="TC018_CountryofOriginofGoodsFieldErrorMessageValidation" time="0.0">
    <skipped/>
  </testcase> <!-- TC018_CountryofOriginofGoodsFieldErrorMessageValidation -->
  <testcase classname="com.erp.automation.tests.sales.ManageExportInvoicePageValidationTest" name="TC019_CountryofFinalDestinationFieldErrorMessageValidation" time="0.0">
    <skipped/>
  </testcase> <!-- TC019_CountryofFinalDestinationFieldErrorMessageValidation -->
  <testcase classname="com.erp.automation.tests.sales.ManageExportInvoicePageValidationTest" name="TC020_TermsofDeliveryFieldErrorMessageValidation" time="0.0">
    <skipped/>
  </testcase> <!-- TC020_TermsofDeliveryFieldErrorMessageValidation -->
  <testcase classname="com.erp.automation.tests.sales.ManageExportInvoicePageValidationTest" name="TC021_ContainerFieldErrorMessageValidation" time="0.0">
    <skipped/>
  </testcase> <!-- TC021_ContainerFieldErrorMessageValidation -->
  <testcase classname="com.erp.automation.tests.sales.ManageExportInvoicePageValidationTest" name="TC022_ContainerSealFieldErrorMessageValidation" time="0.0">
    <skipped/>
  </testcase> <!-- TC022_ContainerSealFieldErrorMessageValidation -->
  <testcase classname="com.erp.automation.tests.sales.ManageExportInvoicePageValidationTest" name="TC023_ESealFieldErrorMessageValidation" time="0.001">
    <skipped/>
  </testcase> <!-- TC023_ESealFieldErrorMessageValidation -->
  <testcase classname="com.erp.automation.tests.sales.ManageExportInvoicePageValidationTest" name="TC024_SizeFieldErrorMessageValidation" time="0.0">
    <skipped/>
  </testcase> <!-- TC024_SizeFieldErrorMessageValidation -->
  <testcase classname="com.erp.automation.tests.sales.ManageExportInvoicePageValidationTest" name="TC025_packingListOrDeliveryNoteFieldErrorMessageValidation" time="0.0">
    <skipped/>
  </testcase> <!-- TC025_packingListOrDeliveryNoteFieldErrorMessageValidation -->
  <testcase classname="com.erp.automation.tests.sales.ManageExportInvoicePageValidationTest" name="TC026_specialInstructionFieldErrorMessageValidation" time="0.0">
    <skipped/>
  </testcase> <!-- TC026_specialInstructionFieldErrorMessageValidation -->
  <testcase classname="com.erp.automation.tests.sales.ManageExportInvoicePageValidationTest" name="TC027_portFieldErrorMessageValidation" time="0.0">
    <skipped/>
  </testcase> <!-- TC027_portFieldErrorMessageValidation -->
  <testcase classname="com.erp.automation.tests.sales.ManageExportInvoicePageValidationTest" name="TC028_itemDetailsFieldErrorMessageValidation" time="0.0">
    <skipped/>
  </testcase> <!-- TC028_itemDetailsFieldErrorMessageValidation -->
  <testcase classname="com.erp.automation.tests.sales.ManageExportInvoicePageValidationTest" name="TC029_InvoiceQtyCannotBeZeroErrorMessageValidation" time="0.0">
    <skipped/>
  </testcase> <!-- TC029_InvoiceQtyCannotBeZeroErrorMessageValidation -->
  <testcase classname="com.erp.automation.tests.sales.ManageExportInvoicePageValidationTest" name="TC030_PleaseEnternetWeightErrorMessageValidation" time="0.0">
    <skipped/>
  </testcase> <!-- TC030_PleaseEnternetWeightErrorMessageValidation -->
  <testcase classname="com.erp.automation.tests.sales.ManageExportInvoicePageValidationTest" name="TC031_PleaseEnterGrossWeightErrorMessageValidation" time="0.0">
    <skipped/>
  </testcase> <!-- TC031_PleaseEnterGrossWeightErrorMessageValidation -->
  <testcase classname="com.erp.automation.tests.sales.ManageExportInvoicePageValidationTest" name="TC032_PackageSrNoForItemCodeErrorMessageValidation" time="0.0">
    <skipped/>
  </testcase> <!-- TC032_PackageSrNoForItemCodeErrorMessageValidation -->
  <testcase classname="com.erp.automation.tests.sales.ManageExportInvoicePageValidationTest" name="TC033_PackageListMismatchForItemCodeErrorMessageValidation" time="0.0">
    <skipped/>
  </testcase> <!-- TC033_PackageListMismatchForItemCodeErrorMessageValidation -->
  <testcase classname="com.erp.automation.tests.sales.ManageExportInvoicePageValidationTest" name="TC034_EnterGrossWeightForItemCodeErrorMessageValidation" time="0.0">
    <skipped/>
  </testcase> <!-- TC034_EnterGrossWeightForItemCodeErrorMessageValidation -->
  <testcase classname="com.erp.automation.tests.sales.ManageExportInvoicePageValidationTest" name="TC035_EnterNetWeightForItemCodeErrorMessageValidation" time="0.0">
    <skipped/>
  </testcase> <!-- TC035_EnterNetWeightForItemCodeErrorMessageValidation -->
  <testcase classname="com.erp.automation.tests.sales.ManageExportInvoicePageValidationTest" name="TC036_EnterQtyforitemcodeErrorMessageValidation" time="0.0">
    <skipped/>
  </testcase> <!-- TC036_EnterQtyforitemcodeErrorMessageValidation -->
  <testcase classname="com.erp.automation.tests.sales.ManageExportInvoicePageValidationTest" name="TC037_ValidationOfVisibilityOfWarningPopup" time="0.0">
    <skipped/>
  </testcase> <!-- TC037_ValidationOfVisibilityOfWarningPopup -->
  <testcase classname="com.erp.automation.tests.sales.ManageExportInvoicePageValidationTest" name="TC038_VisibilityofSuccessPopup" time="0.0">
    <skipped/>
  </testcase> <!-- TC038_VisibilityofSuccessPopup -->
  <testcase classname="com.erp.automation.tests.sales.ManageExportInvoicePageValidationTest" name="TC039_GenerationofExportInvoiceNO" time="0.0">
    <skipped/>
  </testcase> <!-- TC039_GenerationofExportInvoiceNO -->
  <testcase classname="com.erp.automation.tests.sales.ManageExportInvoicePageValidationTest" name="TC001_invoiceCreationTestExportPowerCor" time="0.0">
    <ignored/>
  </testcase> <!-- TC001_invoiceCreationTestExportPowerCor -->
</testsuite> <!-- ManageExportInvoicePageValidationAssertionsTest -->
