<?xml version="1.0" encoding="UTF-8"?>
<!-- Generated by org.testng.reporters.JUnitReportReporter -->
<testsuite hostname="NOETICPC13" failures="1" tests="27" name="com.erp.automation.tests.sales.ManageInvoicePageValidationTest" time="195.215" errors="1" timestamp="2025-06-03T12:02:14 IST" skipped="18">
  <testcase classname="com.erp.automation.tests.sales.ManageInvoicePageValidationTest" name="afterMethod" time="26.250">
    <error message="invalid session id: session deleted as the browser has closed the connection
from disconnected: not connected to DevTools
  (Session info: chrome=136.0.7103.116)
Build info: version: &#039;4.29.0&#039;, revision: &#039;5fc1ec94cb&#039;
System info: os.name: &#039;Windows 10&#039;, os.arch: &#039;amd64&#039;, os.version: &#039;10.0&#039;, java.version: &#039;23.0.2&#039;
Driver info: org.openqa.selenium.chrome.ChromeDriver
Command: [afc0c0f476941182f3a7f3e32d8a2c51, findElement {value=//a[@class=&#039;nav-link navbar-avatar waves-effect waves-light waves-round&#039;], using=xpath}]
Capabilities {acceptInsecureCerts: false, browserName: chrome, browserVersion: 136.0.7103.116, chrome: {chromedriverVersion: 135.0.7049.84 (6c019e560019..., userDataDir: C:\Users\ADMINI~1.DES\AppDa...}, fedcm:accounts: true, goog:chromeOptions: {debuggerAddress: localhost:52777}, networkConnectionEnabled: false, pageLoadStrategy: normal, platformName: windows, proxy: Proxy(), se:cdp: ws://localhost:52777/devtoo..., se:cdpVersion: 136.0.7103.116, setWindowRect: true, strictFileInteractability: false, timeouts: {implicit: 0, pageLoad: 300000, script: 30000}, unhandledPromptBehavior: dismiss and notify, webauthn:extension:credBlob: true, webauthn:extension:largeBlob: true, webauthn:extension:minPinLength: true, webauthn:extension:prf: true, webauthn:virtualAuthenticators: true}
Session ID: afc0c0f476941182f3a7f3e32d8a2c51" type="org.openqa.selenium.NoSuchSessionException">
      <![CDATA[org.openqa.selenium.NoSuchSessionException: invalid session id: session deleted as the browser has closed the connection
from disconnected: not connected to DevTools
  (Session info: chrome=136.0.7103.116)
Build info: version: '4.29.0', revision: '5fc1ec94cb'
System info: os.name: 'Windows 10', os.arch: 'amd64', os.version: '10.0', java.version: '23.0.2'
Driver info: org.openqa.selenium.chrome.ChromeDriver
Command: [afc0c0f476941182f3a7f3e32d8a2c51, findElement {value=//a[@class='nav-link navbar-avatar waves-effect waves-light waves-round'], using=xpath}]
Capabilities {acceptInsecureCerts: false, browserName: chrome, browserVersion: 136.0.7103.116, chrome: {chromedriverVersion: 135.0.7049.84 (6c019e560019..., userDataDir: C:\Users\ADMINI~1.DES\AppDa...}, fedcm:accounts: true, goog:chromeOptions: {debuggerAddress: localhost:52777}, networkConnectionEnabled: false, pageLoadStrategy: normal, platformName: windows, proxy: Proxy(), se:cdp: ws://localhost:52777/devtoo..., se:cdpVersion: 136.0.7103.116, setWindowRect: true, strictFileInteractability: false, timeouts: {implicit: 0, pageLoad: 300000, script: 30000}, unhandledPromptBehavior: dismiss and notify, webauthn:extension:credBlob: true, webauthn:extension:largeBlob: true, webauthn:extension:minPinLength: true, webauthn:extension:prf: true, webauthn:virtualAuthenticators: true}
Session ID: afc0c0f476941182f3a7f3e32d8a2c51
at java.base/jdk.internal.reflect.DirectConstructorHandleAccessor.newInstance(DirectConstructorHandleAccessor.java:62)
at java.base/java.lang.reflect.Constructor.newInstanceWithCaller(Constructor.java:501)
at java.base/java.lang.reflect.Constructor.newInstance(Constructor.java:485)
at org.openqa.selenium.remote.ErrorCodec.decode(ErrorCodec.java:167)
at org.openqa.selenium.remote.codec.w3c.W3CHttpResponseCodec.decode(W3CHttpResponseCodec.java:138)
at org.openqa.selenium.remote.codec.w3c.W3CHttpResponseCodec.decode(W3CHttpResponseCodec.java:50)
at org.openqa.selenium.remote.HttpCommandExecutor.execute(HttpCommandExecutor.java:215)
at org.openqa.selenium.remote.service.DriverCommandExecutor.invokeExecute(DriverCommandExecutor.java:216)
at org.openqa.selenium.remote.service.DriverCommandExecutor.execute(DriverCommandExecutor.java:174)
at org.openqa.selenium.remote.RemoteWebDriver.execute(RemoteWebDriver.java:545)
at org.openqa.selenium.remote.ElementLocation$ElementFinder$2.findElement(ElementLocation.java:165)
at org.openqa.selenium.remote.ElementLocation.findElement(ElementLocation.java:59)
at org.openqa.selenium.remote.RemoteWebDriver.findElement(RemoteWebDriver.java:368)
at org.openqa.selenium.remote.RemoteWebDriver.findElement(RemoteWebDriver.java:362)
at org.openqa.selenium.support.pagefactory.DefaultElementLocator.findElement(DefaultElementLocator.java:68)
at org.openqa.selenium.support.pagefactory.internal.LocatingElementHandler.invoke(LocatingElementHandler.java:38)
at jdk.proxy2/jdk.proxy2.$Proxy16.isDisplayed(Unknown Source)
at org.openqa.selenium.support.ui.ExpectedConditions.elementIfVisible(ExpectedConditions.java:304)
at org.openqa.selenium.support.ui.ExpectedConditions$10.apply(ExpectedConditions.java:290)
at org.openqa.selenium.support.ui.ExpectedConditions$10.apply(ExpectedConditions.java:287)
at org.openqa.selenium.support.ui.ExpectedConditions$23.apply(ExpectedConditions.java:656)
at org.openqa.selenium.support.ui.ExpectedConditions$23.apply(ExpectedConditions.java:652)
at org.openqa.selenium.support.ui.FluentWait.until(FluentWait.java:203)
at com.erp.automation.pages.LogOutPage.clickOnProfileIconAndLogOut(LogOutPage.java:37)
at com.erp.automation.tests.sales.ManageInvoicePageValidationTest.afterMethod(ManageInvoicePageValidationTest.java:615)
at java.base/jdk.internal.reflect.DirectMethodHandleAccessor.invoke(DirectMethodHandleAccessor.java:103)
at java.base/java.lang.reflect.Method.invoke(Method.java:580)
at org.testng.internal.invokers.MethodInvocationHelper.invokeMethod(MethodInvocationHelper.java:139)
at org.testng.internal.invokers.MethodInvocationHelper.invokeMethodConsideringTimeout(MethodInvocationHelper.java:69)
at org.testng.internal.invokers.ConfigInvoker.invokeConfigurationMethod(ConfigInvoker.java:390)
at org.testng.internal.invokers.ConfigInvoker.invokeConfigurations(ConfigInvoker.java:325)
at org.testng.internal.invokers.TestInvoker.runConfigMethods(TestInvoker.java:810)
at org.testng.internal.invokers.TestInvoker.runAfterConfigurations(TestInvoker.java:779)
at org.testng.internal.invokers.TestInvoker.invokeMethod(TestInvoker.java:755)
at org.testng.internal.invokers.TestInvoker.invokeTestMethod(TestInvoker.java:227)
at org.testng.internal.invokers.MethodRunner.runInSequence(MethodRunner.java:50)
at org.testng.internal.invokers.TestInvoker$MethodInvocationAgent.invoke(TestInvoker.java:957)
at org.testng.internal.invokers.TestInvoker.invokeTestMethods(TestInvoker.java:200)
at org.testng.internal.invokers.TestMethodWorker.invokeTestMethods(TestMethodWorker.java:148)
at org.testng.internal.invokers.TestMethodWorker.run(TestMethodWorker.java:128)
at java.base/java.util.ArrayList.forEach(ArrayList.java:1597)
at org.testng.TestRunner.privateRun(TestRunner.java:848)
at org.testng.TestRunner.run(TestRunner.java:621)
at org.testng.SuiteRunner.runTest(SuiteRunner.java:443)
at org.testng.SuiteRunner.runSequentially(SuiteRunner.java:437)
at org.testng.SuiteRunner.privateRun(SuiteRunner.java:397)
at org.testng.SuiteRunner.run(SuiteRunner.java:336)
at org.testng.SuiteRunnerWorker.runSuite(SuiteRunnerWorker.java:52)
at org.testng.SuiteRunnerWorker.run(SuiteRunnerWorker.java:95)
at org.testng.TestNG.runSuitesSequentially(TestNG.java:1280)
at org.testng.TestNG.runSuitesLocally(TestNG.java:1200)
at org.testng.TestNG.runSuites(TestNG.java:1114)
at org.testng.TestNG.run(TestNG.java:1082)
at org.testng.remote.AbstractRemoteTestNG.run(AbstractRemoteTestNG.java:115)
at org.testng.remote.RemoteTestNG.initAndRun(RemoteTestNG.java:293)
at org.testng.remote.RemoteTestNG.main(RemoteTestNG.java:91)
]]>
    </error>
  </testcase> <!-- afterMethod -->
  <testcase classname="com.erp.automation.tests.sales.ManageInvoicePageValidationTest" name="TC001_testCustomerField_EmptyValidationMessageDisplayed" time="24.665"/>
  <testcase classname="com.erp.automation.tests.sales.ManageInvoicePageValidationTest" name="TC002_testSOTypeField_EmptyValidationMessageDisplayed" time="25.117">
    <failure message="**** test case =TC002_testSOTypeField_EmptyValidationMessageDisplayed =&gt; fail **** expected [Please Enter SO Type@] but found [Please Enter SO Type]" type="java.lang.AssertionError">
      <![CDATA[java.lang.AssertionError: **** test case =TC002_testSOTypeField_EmptyValidationMessageDisplayed => fail **** expected [Please Enter SO Type@] but found [Please Enter SO Type]
at org.testng.Assert.fail(Assert.java:111)
at org.testng.Assert.failNotEquals(Assert.java:1578)
at org.testng.Assert.assertEqualsImpl(Assert.java:150)
at org.testng.Assert.assertEquals(Assert.java:132)
at org.testng.Assert.assertEquals(Assert.java:656)
at com.erp.automation.tests.sales.ManageInvoicePageValidationTest.TC002_testSOTypeField_EmptyValidationMessageDisplayed(ManageInvoicePageValidationTest.java:111)
at java.base/jdk.internal.reflect.DirectMethodHandleAccessor.invoke(DirectMethodHandleAccessor.java:103)
at java.base/java.lang.reflect.Method.invoke(Method.java:580)
at org.testng.internal.invokers.MethodInvocationHelper.invokeMethod(MethodInvocationHelper.java:139)
at org.testng.internal.invokers.TestInvoker.invokeMethod(TestInvoker.java:664)
at org.testng.internal.invokers.TestInvoker.invokeTestMethod(TestInvoker.java:227)
at org.testng.internal.invokers.MethodRunner.runInSequence(MethodRunner.java:50)
at org.testng.internal.invokers.TestInvoker$MethodInvocationAgent.invoke(TestInvoker.java:957)
at org.testng.internal.invokers.TestInvoker.invokeTestMethods(TestInvoker.java:200)
at org.testng.internal.invokers.TestMethodWorker.invokeTestMethods(TestMethodWorker.java:148)
at org.testng.internal.invokers.TestMethodWorker.run(TestMethodWorker.java:128)
at java.base/java.util.ArrayList.forEach(ArrayList.java:1597)
at org.testng.TestRunner.privateRun(TestRunner.java:848)
at org.testng.TestRunner.run(TestRunner.java:621)
at org.testng.SuiteRunner.runTest(SuiteRunner.java:443)
at org.testng.SuiteRunner.runSequentially(SuiteRunner.java:437)
at org.testng.SuiteRunner.privateRun(SuiteRunner.java:397)
at org.testng.SuiteRunner.run(SuiteRunner.java:336)
at org.testng.SuiteRunnerWorker.runSuite(SuiteRunnerWorker.java:52)
at org.testng.SuiteRunnerWorker.run(SuiteRunnerWorker.java:95)
at org.testng.TestNG.runSuitesSequentially(TestNG.java:1280)
at org.testng.TestNG.runSuitesLocally(TestNG.java:1200)
at org.testng.TestNG.runSuites(TestNG.java:1114)
at org.testng.TestNG.run(TestNG.java:1082)
at org.testng.remote.AbstractRemoteTestNG.run(AbstractRemoteTestNG.java:115)
at org.testng.remote.RemoteTestNG.initAndRun(RemoteTestNG.java:293)
at org.testng.remote.RemoteTestNG.main(RemoteTestNG.java:91)
]]>
    </failure>
  </testcase> <!-- TC002_testSOTypeField_EmptyValidationMessageDisplayed -->
  <testcase classname="com.erp.automation.tests.sales.ManageInvoicePageValidationTest" name="TC003_testSONOField_EmptyValidationMessageDisplayed" time="24.218"/>
  <testcase classname="com.erp.automation.tests.sales.ManageInvoicePageValidationTest" name="TC004_testcustomerPoNoerrorField_EmptyValidationMessageDisplayed" time="26.083"/>
  <testcase classname="com.erp.automation.tests.sales.ManageInvoicePageValidationTest" name="TC005_testcustomerPoNoerrorField_DisabledValidationMessageDisplayed" time="24.700"/>
  <testcase classname="com.erp.automation.tests.sales.ManageInvoicePageValidationTest" name="TC006_testInvoiceDateIsCurrentDate" time="23.951"/>
  <testcase classname="com.erp.automation.tests.sales.ManageInvoicePageValidationTest" name="TC007_testInvoiceFinancialDateIsCurrentFY" time="18.998"/>
  <testcase classname="com.erp.automation.tests.sales.ManageInvoicePageValidationTest" name="TC008_testFinancialYearField_Disabled" time="1.227"/>
  <testcase classname="com.erp.automation.tests.sales.ManageInvoicePageValidationTest" name="TC009_transporterField_EmptyValidationMessageDisplayed" time="0.001">
    <skipped/>
  </testcase> <!-- TC009_transporterField_EmptyValidationMessageDisplayed -->
  <testcase classname="com.erp.automation.tests.sales.ManageInvoicePageValidationTest" name="TC010_transporterModeField_EmptyValidationMessageDisplayed" time="0.000">
    <skipped/>
  </testcase> <!-- TC010_transporterModeField_EmptyValidationMessageDisplayed -->
  <testcase classname="com.erp.automation.tests.sales.ManageInvoicePageValidationTest" name="TC011_shippingStateCodeField_EmptyValidationMessageDisplayed" time="0.000">
    <skipped/>
  </testcase> <!-- TC011_shippingStateCodeField_EmptyValidationMessageDisplayed -->
  <testcase classname="com.erp.automation.tests.sales.ManageInvoicePageValidationTest" name="TC012_shippingStateField_EmptyValidationMessageDisplayed" time="0.000">
    <skipped/>
  </testcase> <!-- TC012_shippingStateField_EmptyValidationMessageDisplayed -->
  <testcase classname="com.erp.automation.tests.sales.ManageInvoicePageValidationTest" name="TC013_shippingCityField_EmptyValidationMessageDisplayed" time="0.000">
    <skipped/>
  </testcase> <!-- TC013_shippingCityField_EmptyValidationMessageDisplayed -->
  <testcase classname="com.erp.automation.tests.sales.ManageInvoicePageValidationTest" name="TC014_shippingPinCodeField_EmptyValidationMessageDisplayed" time="0.000">
    <skipped/>
  </testcase> <!-- TC014_shippingPinCodeField_EmptyValidationMessageDisplayed -->
  <testcase classname="com.erp.automation.tests.sales.ManageInvoicePageValidationTest" name="TC015_specialInstructionField_EmptyValidationMessageDisplayed" time="0.000">
    <skipped/>
  </testcase> <!-- TC015_specialInstructionField_EmptyValidationMessageDisplayed -->
  <testcase classname="com.erp.automation.tests.sales.ManageInvoicePageValidationTest" name="TC016_ShippingCustomerField_ValidatingAutoPopulatedText" time="0.000">
    <skipped/>
  </testcase> <!-- TC016_ShippingCustomerField_ValidatingAutoPopulatedText -->
  <testcase classname="com.erp.automation.tests.sales.ManageInvoicePageValidationTest" name="TC017_ShippingAddressField_ValidatingAutoPopulatedText" time="0.004">
    <skipped/>
  </testcase> <!-- TC017_ShippingAddressField_ValidatingAutoPopulatedText -->
  <testcase classname="com.erp.automation.tests.sales.ManageInvoicePageValidationTest" name="TC018_ShippingStateCodeField_ValidatingAutoPopulatedText" time="0.000">
    <skipped/>
  </testcase> <!-- TC018_ShippingStateCodeField_ValidatingAutoPopulatedText -->
  <testcase classname="com.erp.automation.tests.sales.ManageInvoicePageValidationTest" name="TC019_GSTField_ValidatingAutoPopulatedText" time="0.000">
    <skipped/>
  </testcase> <!-- TC019_GSTField_ValidatingAutoPopulatedText -->
  <testcase classname="com.erp.automation.tests.sales.ManageInvoicePageValidationTest" name="TC020_getFreightField_ValidatingAutoPopulatedText" time="0.000">
    <skipped/>
  </testcase> <!-- TC020_getFreightField_ValidatingAutoPopulatedText -->
  <testcase classname="com.erp.automation.tests.sales.ManageInvoicePageValidationTest" name="TC021_testCustomerPOField_ValidatingAutoPopulatedText" time="0.000">
    <skipped/>
  </testcase> <!-- TC021_testCustomerPOField_ValidatingAutoPopulatedText -->
  <testcase classname="com.erp.automation.tests.sales.ManageInvoicePageValidationTest" name="TC022_testWarningPopUp_ValidatingVisibilityOfPopUp" time="0.000">
    <skipped/>
  </testcase> <!-- TC022_testWarningPopUp_ValidatingVisibilityOfPopUp -->
  <testcase classname="com.erp.automation.tests.sales.ManageInvoicePageValidationTest" name="TC023_testItemDetails_ValidatingErrorMessageWhenWithoutItemDetails" time="0.000">
    <skipped/>
  </testcase> <!-- TC023_testItemDetails_ValidatingErrorMessageWhenWithoutItemDetails -->
  <testcase classname="com.erp.automation.tests.sales.ManageInvoicePageValidationTest" name="TC024_testSucessPopUp_ValidatingVisibilityOfPopUp" time="0.000">
    <skipped/>
  </testcase> <!-- TC024_testSucessPopUp_ValidatingVisibilityOfPopUp -->
  <testcase classname="com.erp.automation.tests.sales.ManageInvoicePageValidationTest" name="TC025_testInvoiceNo_ValidatingVisibilityOfInvoiceNumber" time="0.000">
    <skipped/>
  </testcase> <!-- TC025_testInvoiceNo_ValidatingVisibilityOfInvoiceNumber -->
  <testcase classname="com.erp.automation.tests.sales.ManageInvoicePageValidationTest" name="TC026_testInvoiceQTYShouldNotZero_ValidationOfInvoiceQty" time="0.001">
    <skipped/>
  </testcase> <!-- TC026_testInvoiceQTYShouldNotZero_ValidationOfInvoiceQty -->
</testsuite> <!-- com.erp.automation.tests.sales.ManageInvoicePageValidationTest -->
